This is pdfTeX, Version 3.1415926-2.3-1.40.12 (MiKTeX 2.9) (preloaded format=pdflatex 2018.9.21)  11 JAN 2019 15:44
entering extended mode
**C:/Users/dell/Desktop/final_result/latex/v2-acmtog/v2-acmtog-sample.tex
(C:/Users/dell/Desktop/final_result/latex/v2-acmtog/v2-acmtog-sample.tex
LaTeX2e <2011/06/27>
Babel <v3.8m> and hyphenation patterns for loaded.
(C:\Users\dell\Desktop\final_result\latex\v2-acmtog\acmtog.cls
Document Class: acmtog 2012/03/07
(C:\CTEX\MiKTeX\tex\latex\base\latexsym.sty
Package: latexsym 1998/08/17 v2.2e Standard LaTeX package (lasy symbols)
\symlasy=\mathgroup4
LaTeX Font Info:    Overwriting symbol font `lasy' in version `bold'
(Font)                  U/lasy/m/n --> U/lasy/b/n on input line 47.
)
(C:\Users\dell\Desktop\final_result\latex\v2-acmtog\url.sty
\Urlmuskip=\muskip10
Package: url 2006/04/12  ver 3.3  Verb mode for urls, etc.
)
\trimheight=\dimen102
\trimwidth=\dimen103
\typeheight=\dimen104
\typewidth=\dimen105
\normaltextheight=\dimen106
\blindfoliodrop=\dimen107
\tempbox=\box26
\tempdimen=\dimen108
\normaltextheight=\dimen109
\c@secnumbookdepth=\count79
\c@theorem=\count80
\c@strategy=\count81
\c@property=\count82
\c@proposition=\count83
\c@exam=\count84
\c@part=\count85
\c@section=\count86
\c@subsection=\count87
\c@subsubsection=\count88
\c@paragraph=\count89
\c@figure=\count90
\c@table=\count91
\belowcaptionskip=\skip41
\tbbox=\box27
\tabledim=\dimen110
\@narrowfig=\dimen111
\@nfigbox=\box28
\@nfcapbox=\box29
\@abstract=\box30
\@terms=\box31
\@keywords=\box32
\bibindent=\dimen112
LaTeX Info: Redefining \cal on input line 1053.

(C:\CTEX\MiKTeX\tex\latex\psnfss\times.sty
Package: times 2005/04/12 PSNFSS-v9.2a (SPQR) 
)
(C:\CTEX\MiKTeX\tex\latex\tools\bm.sty
Package: bm 2004/02/26 v1.1c Bold Symbol Support (DPC/FMi)
\symboldoperators=\mathgroup5
\symboldletters=\mathgroup6
\symboldsymbols=\mathgroup7
\symboldlasy=\mathgroup8
LaTeX Font Info:    Redeclaring math alphabet \mathbf on input line 138.
LaTeX Info: Redefining \bm on input line 204.
)
(C:\CTEX\MiKTeX\tex\latex\graphics\graphicx.sty
Package: graphicx 1999/02/16 v1.0f Enhanced LaTeX Graphics (DPC,SPQR)

(C:\CTEX\MiKTeX\tex\latex\graphics\keyval.sty
Package: keyval 1999/03/16 v1.13 key=value parser (DPC)
\KV@toks@=\toks14
)
(C:\CTEX\MiKTeX\tex\latex\graphics\graphics.sty
Package: graphics 2009/02/05 v1.0o Standard LaTeX Graphics (DPC,SPQR)

(C:\CTEX\MiKTeX\tex\latex\graphics\trig.sty
Package: trig 1999/03/16 v1.09 sin cos tan (DPC)
)
(C:\CTEX\MiKTeX\tex\latex\00miktex\graphics.cfg
File: graphics.cfg 2007/01/18 v1.5 graphics configuration of teTeX/TeXLive
)
Package graphics Info: Driver file: pdftex.def on input line 91.

(C:\CTEX\MiKTeX\tex\latex\pdftex-def\pdftex.def
File: pdftex.def 2011/05/27 v0.06d Graphics/color for pdfTeX

(C:\CTEX\MiKTeX\tex\generic\oberdiek\infwarerr.sty
Package: infwarerr 2010/04/08 v1.3 Providing info/warning/message (HO)
)
(C:\CTEX\MiKTeX\tex\generic\oberdiek\ltxcmds.sty
Package: ltxcmds 2011/04/18 v1.20 LaTeX kernel commands for general use (HO)
)
\Gread@gobject=\count92
))
\Gin@req@height=\dimen113
\Gin@req@width=\dimen114
))
(C:\Users\dell\Desktop\final_result\latex\v2-acmtog\v2-acmtog-sample.aux

LaTeX Warning: Label `3' multiply defined.


LaTeX Warning: Label `3' multiply defined.


LaTeX Warning: Label `' multiply defined.


LaTeX Warning: Label `two architecuture' multiply defined.


LaTeX Warning: Label `two architecuture' multiply defined.


LaTeX Warning: Label `table:result' multiply defined.

)
LaTeX Font Info:    Checking defaults for OML/cmm/m/it on input line 29.
LaTeX Font Info:    ... okay on input line 29.
LaTeX Font Info:    Checking defaults for T1/cmr/m/n on input line 29.
LaTeX Font Info:    ... okay on input line 29.
LaTeX Font Info:    Checking defaults for OT1/cmr/m/n on input line 29.
LaTeX Font Info:    ... okay on input line 29.
LaTeX Font Info:    Checking defaults for OMS/cmsy/m/n on input line 29.
LaTeX Font Info:    ... okay on input line 29.
LaTeX Font Info:    Checking defaults for OMX/cmex/m/n on input line 29.
LaTeX Font Info:    ... okay on input line 29.
LaTeX Font Info:    Checking defaults for U/cmr/m/n on input line 29.
LaTeX Font Info:    ... okay on input line 29.
LaTeX Font Info:    Try loading font information for OT1+ptm on input line 29.
 (C:\CTEX\MiKTeX\tex\latex\psnfss\ot1ptm.fd
File: ot1ptm.fd 2001/06/04 font definitions for OT1/ptm.
)
\bibhang=\skip42

(C:\CTEX\MiKTeX\tex\context\base\supp-pdf.mkii
[Loading MPS to PDF converter (version 2006.09.02).]
\scratchcounter=\count93
\scratchdimen=\dimen115
\scratchbox=\box33
\nofMPsegments=\count94
\nofMParguments=\count95
\everyMPshowfont=\toks15
\MPscratchCnt=\count96
\MPscratchDim=\dimen116
\MPnumerator=\count97
\makeMPintoPDFobject=\count98
\everyMPtoPDFconversion=\toks16
)
LaTeX Font Info:    Try loading font information for OT1+phv on input line 38.
 (C:\CTEX\MiKTeX\tex\latex\psnfss\ot1phv.fd
File: ot1phv.fd 2001/06/04 scalable font definitions for OT1/phv.
)
LaTeX Font Info:    External font `cmex10' loaded for size
(Font)              <17.28> on input line 38.
LaTeX Font Info:    External font `cmex10' loaded for size
(Font)              <12> on input line 38.
LaTeX Font Info:    Try loading font information for U+lasy on input line 38.

(C:\CTEX\MiKTeX\tex\latex\base\ulasy.fd
File: ulasy.fd 1998/08/17 v2.2e LaTeX symbol font definitions
)
Missing character: There is no ¡ in font ptmr7t!
Missing character: There is no ° in font ptmr7t!
Missing character: There is no ¡ in font ptmr7t!
Missing character: There is no ± in font ptmr7t!
Missing character: There is no ¡ in font ptmr7t!
Missing character: There is no ° in font ptmr7t!
Missing character: There is no ¡ in font ptmr7t!
Missing character: There is no ± in font ptmr7t!
LaTeX Font Info:    External font `cmex10' loaded for size
(Font)              <9> on input line 48.
LaTeX Font Info:    External font `cmex10' loaded for size
(Font)              <6> on input line 48.
LaTeX Font Info:    External font `cmex10' loaded for size
(Font)              <5> on input line 48.
LaTeX Font Info:    Font shape `U/lasy/b/n' in size <9> not available
(Font)              Font shape `U/lasy/m/n' tried instead on input line 48.
LaTeX Font Info:    Font shape `U/lasy/b/n' in size <6> not available
(Font)              Font shape `U/lasy/m/n' tried instead on input line 48.
LaTeX Font Info:    Font shape `U/lasy/b/n' in size <5> not available
(Font)              Font shape `U/lasy/m/n' tried instead on input line 48.
Missing character: There is no ¡ in font ptmr7t!
Missing character: There is no ° in font ptmr7t!
Missing character: There is no ¡ in font ptmr7t!
Missing character: There is no ± in font ptmr7t!

<1.png, id=1, 316.18124pt x 243.15843pt>
File: 1.png Graphic file (type png)
 <use 1.png>
Package pdftex.def Info: 1.png used on input line 73.
(pdftex.def)             Requested size: 252.94533pt x 194.52701pt.

Overfull \hbox (12.94533pt too wide) in paragraph at lines 73--74
 [][] 
 []

LaTeX Font Info:    External font `cmex10' loaded for size
(Font)              <8> on input line 74.
LaTeX Font Info:    Font shape `U/lasy/b/n' in size <8> not available
(Font)              Font shape `U/lasy/m/n' tried instead on input line 74.

Underfull \hbox (badness 10000) in paragraph at lines 80--81
[]  \OT1/ptm/m/n/9 3.0.1 \OT1/ptm/m/it/9 Gate func-tion[]. \OT1/ptm/m/n/9 We me
n-tioned that
 []


Underfull \hbox (badness 10000) in paragraph at lines 80--81
$\OT1/cmr/m/n/9 [[]]$ \OT1/ptm/m/n/9 and $\OT1/cmr/m/n/9 [[]]$ \OT1/ptm/m/n/9 p
ro-posed
 []

Missing character: There is no ¡ in font ptmr7t!
Missing character: There is no ¯ in font ptmr7t!
Missing character: There is no ¡ in font ptmr7t!
Missing character: There is no ¯ in font ptmr7t!

Underfull \hbox (badness 10000) in paragraph at lines 91--92
[]  \OT1/ptm/m/n/9 3.0.2 \OT1/ptm/m/it/9 MS-D-net[]. \OT1/ptm/m/n/9 So we turn 
to an-oth-er ar-chi-tec-ture
 []


Underfull \hbox (badness 4595) in paragraph at lines 91--92
$\OML/cmm/m/it/9 MSDnet$\OT1/ptm/m/n/9 ,$\OT1/cmr/m/n/9 [[]]$\OT1/ptm/m/n/9 . T
his ar-chi-tec-ture de-signed to
 []

[1{C:/CTEX/UserData/pdftex/config/pdftex.map{Unicode.sfd}{UGBK.sfd}}
Non-PDF special ignored!


 <C:/Users/dell/Desktop/final_result/latex/v2-acmtog/1.png>] <2.png, id=11, 725
.12924pt x 169.43974pt>
File: 2.png Graphic file (type png)
 <use 2.png>
Package pdftex.def Info: 2.png used on input line 101.
(pdftex.def)             Requested size: 362.56374pt x 84.71965pt.

<3.png, id=13, 793.46437pt x 310.91156pt>
File: 3.png Graphic file (type png)
 <use 3.png>
Package pdftex.def Info: 3.png used on input line 110.
(pdftex.def)             Requested size: 396.73122pt x 155.45538pt.
Missing character: There is no ¡ in font ptmr7t!
Missing character: There is no ­ in font ptmr7t!

Underfull \hbox (badness 10000) in paragraph at lines 116--117
\OT1/ptm/m/n/9 Given a in-put im-age x, we have some pre-trained
 []


Underfull \hbox (badness 7522) in paragraph at lines 116--117
\OT1/ptm/m/n/9 models,$\OML/cmm/m/it/9 f[]; f[]; f[]:::$\OT1/ptm/m/n/9 , to u-t
i-lize for a pre-dic-tion.Where, the
 []

<4.png, id=14, 376.40625pt x 204.16275pt>
File: 4.png Graphic file (type png)
 <use 4.png>
Package pdftex.def Info: 4.png used on input line 144.
(pdftex.def)             Requested size: 188.20265pt x 102.08112pt.

<5.png, id=15, 664.884pt x 195.129pt>
File: 5.png Graphic file (type png)
 <use 5.png>
Package pdftex.def Info: 5.png used on input line 181.
(pdftex.def)             Requested size: 332.4412pt x 97.56425pt.
LaTeX Font Info:    External font `cmex10' loaded for size
(Font)              <7> on input line 187.
LaTeX Font Info:    Font shape `U/lasy/b/n' in size <7> not available
(Font)              Font shape `U/lasy/m/n' tried instead on input line 187.
 [2 <C:/Users/dell/Desktop/final_result/latex/v2-acmtog/4.png>]
Underfull \hbox (badness 10000) in paragraph at lines 196--197

 []


Overfull \hbox (26.72981pt too wide) in paragraph at lines 200--200
 []\OT1/ptm/m/n/9 Table I. 
 []


Overfull \hbox (9.98987pt too wide) in paragraph at lines 200--200
 \OT1/ptm/m/n/9 re- 
 []


Overfull \hbox (15.25471pt too wide) in paragraph at lines 200--200
 \OT1/ptm/m/n/9 sult. 
 []

<6.png, id=25, 328.97906pt x 240.9pt>
File: 6.png Graphic file (type png)
 <use 6.png>
Package pdftex.def Info: 6.png used on input line 241.
(pdftex.def)             Requested size: 164.48912pt x 120.44969pt.

Overfull \hbox (27.47678pt too wide) in paragraph at lines 248--248
 []\OT1/ptm/m/n/9 Table I- 
 []


Overfull \hbox (5.24696pt too wide) in paragraph at lines 248--248
 \OT1/ptm/m/n/9 I. 
 []


Overfull \hbox (9.98987pt too wide) in paragraph at lines 248--248
 \OT1/ptm/m/n/9 re- 
 []


Overfull \hbox (19.75471pt too wide) in paragraph at lines 248--248
 \OT1/ptm/m/n/9 sult2. 
 []


Underfull \vbox (badness 10000) has occurred while \output is active []

 [3 <C:/Users/dell/Desktop/final_result/latex/v2-acmtog/2.png> <C:/Users/dell/D
esktop/final_result/latex/v2-acmtog/3.png>]
(C:\Users\dell\Desktop\final_result\latex\v2-acmtog\v2-acmtog-sample.bbl)
[4 <C:/Users/dell/Desktop/final_result/latex/v2-acmtog/5.png> <C:/Users/dell/De
sktop/final_result/latex/v2-acmtog/6.png>]
(C:\Users\dell\Desktop\final_result\latex\v2-acmtog\v2-acmtog-sample.aux)

LaTeX Warning: There were multiply-defined labels.

 ) 
Here is how much of TeX's memory you used:
 1717 strings out of 495354
 21177 string characters out of 3183859
 82455 words of memory out of 3000000
 4868 multiletter control sequences out of 15000+200000
 36125 words of font info for 90 fonts, out of 3000000 for 9000
 14 hyphenation exceptions out of 8191
 34i,8n,21p,985b,248s stack positions out of 5000i,500n,10000p,200000b,50000s
{C:/CTEX/MiKTeX/fonts/enc/dvips/fontname/8r.enc}<C:/CTEX/MiKTeX/fonts/type1/p
ublic/amsfonts/cm/cmex10.pfb><C:/CTEX/MiKTeX/fonts/type1/public/amsfonts/cm/cmm
i5.pfb><C:/CTEX/MiKTeX/fonts/type1/public/amsfonts/cm/cmmi6.pfb><C:/CTEX/MiKTeX
/fonts/type1/public/amsfonts/cm/cmmi9.pfb><C:/CTEX/MiKTeX/fonts/type1/public/am
sfonts/cm/cmr6.pfb><C:/CTEX/MiKTeX/fonts/type1/public/amsfonts/cm/cmr9.pfb><C:/
CTEX/MiKTeX/fonts/type1/public/amsfonts/cm/cmsy10.pfb><C:/CTEX/MiKTeX/fonts/typ
e1/urw/helvetic/uhvr8a.pfb><C:/CTEX/MiKTeX/fonts/type1/urw/times/utmr8a.pfb><C:
/CTEX/MiKTeX/fonts/type1/urw/times/utmri8a.pfb>
Output written on v2-acmtog-sample.pdf (4 pages, 615801 bytes).
PDF statistics:
 68 PDF objects out of 1000 (max. 8388607)
 0 named destinations out of 1000 (max. 500000)
 31 words of extra memory for PDF output out of 10000 (max. 10000000)

